<?xml version="1.0" encoding="UTF-8"?>
<!-- Generated by org.testng.reporters.JUnitReportReporter -->
<testsuite hostname="rjoshi-C02G509VMD6N" failures="0" tests="4" name="tests.TestArticleScenario" time="29.897" errors="0" timestamp="2022-02-03T20:08:52 IST" skipped="0">
  <testcase classname="tests.TestArticleScenario" name="verifyDeleteArticle" time="9.572"/>
  <system-out/>
  <testcase classname="tests.TestArticleScenario" name="verifyAddArticle" time="4.930"/>
  <system-out/>
  <testcase classname="tests.TestArticleScenario" name="verifyAddComment" time="6.434"/>
  <system-out/>
  <testcase classname="tests.TestArticleScenario" name="verifyEditArticle" time="8.961"/>
  <system-out/>
</testsuite> <!-- tests.TestArticleScenario -->
