<?xml version="1.0" encoding="UTF-8"?>
<!-- Generated by org.testng.reporters.JUnitReportReporter -->
<testsuite hostname="rjoshi-C02G509VMD6N" failures="0" tests="2" name="tests.TestSignUpScenario" time="4.726" errors="0" timestamp="2022-02-03T20:08:52 IST" skipped="0">
  <testcase classname="tests.TestSignUpScenario" name="verifySignUpUser" time="2.322"/>
  <system-out/>
  <testcase classname="tests.TestSignUpScenario" name="verifySignUpwithUsedUsername" time="2.404"/>
  <system-out/>
</testsuite> <!-- tests.TestSignUpScenario -->
