<?xml version="1.0" encoding="UTF-8"?>
<!-- Generated by org.testng.reporters.JUnitReportReporter -->
<testsuite hostname="rjoshi-C02G509VMD6N" failures="0" tests="2" name="tests.TestSignInScenario" time="3.032" errors="0" timestamp="2022-02-03T20:08:52 IST" skipped="0">
  <testcase classname="tests.TestSignInScenario" name="verifySignIn" time="1.461"/>
  <system-out/>
  <testcase classname="tests.TestSignInScenario" name="verifySignInwithInvalidCredentails" time="1.571"/>
  <system-out/>
</testsuite> <!-- tests.TestSignInScenario -->
